conf:
{
    "model": "contextual_asr_espnet",
    "encoder": "conformer",
    "encoder_conf": {
        "output_size": 256,
        "attention_heads": 4,
        "linear_units": 2048,
        "num_blocks": 12,
        "dropout_rate": 0.1,
        "positional_dropout_rate": 0.1,
        "attention_dropout_rate": 0.1,
        "input_layer": "conv2d",
        "normalize_before": true,
        "rel_pos_type": "latest",
        "pos_enc_layer_type": "rel_pos",
        "selfattention_layer_type": "rel_selfattn",
        "activation_type": "swish",
        "macaron_style": true,
        "use_cnn_module": true,
        "cnn_module_kernel": 31
    },
    "decoder": "transformer",
    "decoder_conf": {
        "attention_heads": 4,
        "linear_units": 2048,
        "num_blocks": 6,
        "dropout_rate": 0.1,
        "positional_dropout_rate": 0.1,
        "self_attention_dropout_rate": 0.0,
        "src_attention_dropout_rate": 0.0
    },
    "model_conf": {
        "ctc_weight": 0.3,
        "lsm_weight": 0.1,
        "length_normalized_loss": false
    },
    "batch_type": "numel",
    "batch_bins": 25000000,
    "accum_grad": 1,
    "grad_clip": 5,
    "max_epoch": 60,
    "val_scheduler_criterion": [
        "valid",
        "acc"
    ],
    "best_model_criterion": [
        [
            "valid",
            "acc",
            "max"
        ]
    ],
    "keep_nbest_models": 10,
    "optim": "adam",
    "optim_conf": {
        "lr": 0.001,
        "weight_decay": 1e-06
    },
    "scheduler": "warmuplr",
    "scheduler_conf": {
        "warmup_steps": 35000
    },
    "num_workers": 4,
    "use_amp": true,
    "unused_parameters": false,
    "specaug": "specaug",
    "specaug_conf": {
        "apply_time_warp": true,
        "time_warp_window": 5,
        "time_warp_mode": "bicubic",
        "apply_freq_mask": true,
        "freq_mask_width_range": [
            0,
            27
        ],
        "num_freq_mask": 2,
        "apply_time_mask": true,
        "time_mask_width_ratio_range": [
            0.0,
            0.05
        ],
        "num_time_mask": 10
    },
    "contextual": "rareword",
    "contextual_conf": {
        "contextual_type": "rareword",
        "blist_path": "./local/contextual/rarewords/rareword_f10_test.txt",
        "blist_max": 20,
        "blist_drop_out": 0.0,
        "structure_type": null,
        "sampling_method": null,
        "warmup_epoch": 0,
        "use_oov": true
    },
    "contextualizer": "contextual_adapter_encoder",
    "contextualizer_conf": {
        "contextualizer_type": "contextual_adapter_encoder",
        "context_embed_size": 256,
        "context_hidden_size": 256,
        "model_hidden_size": 256,
        "input_hidden_size": 256,
        "proj_hidden_size": 256,
        "attndim": 256,
        "temperature": 0.05,
        "drop_out": 0.0,
        "warmup_epoch": 200,
        "contextualizer_weight": 0.5,
        "contextualizer_losses": {
            "loss_contextualizer_ga_ctc": 1
        },
        "use_local_attn_conv": false
    },
    "freeze_param": [
        "encoder",
        "decoder",
        "contextualizer.encoder.embed",
        "contextualizer.encoder.pad_embed"
    ],
    "token_list": "./data/zh_token_list/char/tokens.txt",
    "input_size": null,
    "normalize": "global_mvn",
    "frontend": "default",
    "frontend_conf": {
        "fs": "16k"
    },
    "ctc_conf": {
        "dropout_rate": 0.0,
        "ctc_type": "builtin",
        "reduce": true,
        "ignore_nan_grad": null,
        "zero_infinity": true,
        "brctc_risk_strategy": "exp",
        "brctc_group_strategy": "end",
        "brctc_risk_factor": 0.0
    },
    "init": null,
    "normalize_conf": {
        "stats_file": "./exp/asr_stats_raw_zh_char_sp/train/feats_lengths_stats.npz"
    },
    "token_type": "char",
    "bpemodel": null,
    "g2p": null,
    "cleaner": null,
    "use_preprocessor": true,
    "collate_fn_type": "contextual",
    "preprocessor": "contextual",
    "preprocessor_conf": {},
    "non_linguistic_symbols": null
}
texts: 甚至出现交易几乎停滞的情况
uid: BAC009S0764W0121
blist:
tensor([[4233,   -1,   -1,   -1,   -1,   -1],
        [ 533, 1938,   -1,   -1,   -1,   -1],
        [ 543, 1419,   -1,   -1,   -1,   -1],
        [ 232, 1215,   -1,   -1,   -1,   -1],
        [  20,  210,   -1,   -1,   -1,   -1],
        [2298, 2038,   -1,   -1,   -1,   -1],
        [ 163,  136,  211,  263,   16,  189],
        [ 366,   94,   -1,   -1,   -1,   -1],
        [  68,  273,  103,   -1,   -1,   -1],
        [1534, 1964,   -1,   -1,   -1,   -1],
        [2699,   32,   -1,   -1,   -1,   -1],
        [  18,  318,   -1,   -1,   -1,   -1],
        [ 350,  442,   -1,   -1,   -1,   -1],
        [1262,  727,   -1,   -1,   -1,   -1],
        [ 276,  630,   -1,   -1,   -1,   -1],
        [ 225,  109,   93,  394,   -1,   -1],
        [ 196,   15,   -1,   -1,   -1,   -1],
        [1128,  357,   -1,   -1,   -1,   -1],
        [ 413, 1495,   -1,   -1,   -1,   -1],
        [ 990,  155,   -1,   -1,   -1,   -1],
        [ 485,  592,    8,   -1,   -1,   -1]])
ilens:
tensor([1, 2, 2, 2, 2, 2, 6, 2, 3, 2, 2, 2, 2, 2, 2, 4, 2, 2, 2, 2, 3])
speech: tensor([[ 0.0011,  0.0019,  0.0017,  ..., -0.0002, -0.0002, -0.0002]])
speech_lengths: tensor([67263])
label_ctc: tensor([[1]])
btokens: <oov>, tensor([4233,   -1,   -1,   -1,   -1,   -1])
btokens: 停滞, tensor([ 533, 1938,   -1,   -1,   -1,   -1])
btokens: 清楚, tensor([ 543, 1419,   -1,   -1,   -1,   -1])
btokens: 消散, tensor([ 232, 1215,   -1,   -1,   -1,   -1])
btokens: 三线, tensor([ 20, 210,  -1,  -1,  -1,  -1])
btokens: 斑痕, tensor([2298, 2038,   -1,   -1,   -1,   -1])
btokens: 北京科技大学, tensor([163, 136, 211, 263,  16, 189])
btokens: 头部, tensor([366,  94,  -1,  -1,  -1,  -1])
btokens: 高强度, tensor([ 68, 273, 103,  -1,  -1,  -1])
btokens: 扫描, tensor([1534, 1964,   -1,   -1,   -1,   -1])
btokens: 淋到, tensor([2699,   32,   -1,   -1,   -1,   -1])
btokens: 为准, tensor([ 18, 318,  -1,  -1,  -1,  -1])
btokens: 指望, tensor([350, 442,  -1,  -1,  -1,  -1])
btokens: 喝酒, tensor([1262,  727,   -1,   -1,   -1,   -1])
btokens: 乐园, tensor([276, 630,  -1,  -1,  -1,  -1])
btokens: 格力电器, tensor([225, 109,  93, 394,  -1,  -1])
btokens: 股市, tensor([196,  15,  -1,  -1,  -1,  -1])
btokens: 读取, tensor([1128,  357,   -1,   -1,   -1,   -1])
btokens: 照抄, tensor([ 413, 1495,   -1,   -1,   -1,   -1])
btokens: 夏天, tensor([990, 155,  -1,  -1,  -1,  -1])
btokens: 委托人, tensor([485, 592,   8,  -1,  -1,  -1])
encoder_out: torch.Size([1, 130, 256])
ctc_pred: torch.Size([130])
atten: torch.Size([1, 130, 21])
tensor([13])
pred_ctc: ['<blank>', '<blank>', '<blank>', '<blank>', '<blank>', '<blank>', '<blank>', '<blank>', '<blank>', '<blank>', '<blank>', '<blank>', '<blank>', '<blank>', '<blank>', '<blank>', '<blank>', '<blank>', '<blank>', '<blank>', '<blank>', '<blank>', '<blank>', '<blank>', '<blank>', '<blank>', '<blank>', '<blank>', '<blank>', '<blank>', '<blank>', '<blank>', '<blank>', '<blank>', '<blank>', '<blank>', '<blank>', '<blank>', '<blank>', '<blank>', '<blank>', '<blank>', '<blank>', '<blank>', '<blank>', '<blank>', '<blank>', '<blank>', '<blank>', '<blank>', '<blank>', '<blank>', '<blank>', '<blank>', '<blank>', '<blank>', '<blank>', '<blank>', '<blank>', '<blank>', '<blank>', '<blank>', '<blank>', '<blank>', '<blank>', '<blank>', '<blank>', '<blank>', '<blank>', '<blank>', '<blank>', '<blank>', '<blank>', '<blank>', '<blank>', '<blank>', '<blank>', '<blank>', '<blank>', '<blank>', '<blank>', '<blank>', '<blank>', '<blank>', '<blank>', '<blank>', '<blank>', '<blank>', '<blank>', '<blank>', '<blank>', '<blank>', '<blank>', '<blank>', '<blank>', '<blank>', '<blank>', '<blank>', '<blank>', '<blank>', '<blank>', '<blank>', '<blank>', '<blank>', '<blank>', '<blank>', '<blank>', '<blank>', '<blank>', '<blank>', '<blank>', '<blank>', '<blank>', '<blank>', '<blank>', '<blank>', '<blank>', '<blank>', '<blank>', '<blank>', '<blank>', '<blank>', '<blank>', '<blank>', '<blank>', '<blank>', '<blank>', '<blank>', '<blank>', '<blank>']
texts: 一二线城市虽然也处于调整中
uid: BAC009S0764W0122
blist:
tensor([[4233,   -1,   -1,   -1],
        [  13,  177,  108,  160],
        [ 209,   24,    3, 3302],
        [ 114,  716,   -1,   -1],
        [ 829,  321,   -1,   -1],
        [ 979,  508,   -1,   -1],
        [ 574, 1154,   15,   40],
        [ 837, 2369,   15,   -1],
        [2126,  399,  346,   -1],
        [  30,  384,   -1,   -1],
        [ 268,  182,   -1,   -1],
        [ 104,  459,   11,   -1],
        [ 515,  177,  131,   -1],
        [ 574, 1154,   15,   40],
        [ 523, 1000, 1087,   -1],
        [1750,  387,   -1,   -1],
        [ 383, 1823,   -1,   -1],
        [ 999,  968,   -1,   -1],
        [  93,   58,   -1,   -1],
        [1156,  937,   -1,   -1],
        [ 500,  227,   -1,   -1]])
ilens:
tensor([1, 4, 4, 2, 2, 2, 4, 3, 3, 2, 2, 3, 3, 4, 3, 2, 2, 2, 2, 2, 2])
speech: tensor([[ 6.1035e-05,  9.1553e-05,  1.5259e-04,  ..., -3.6011e-03,
         -3.6621e-03, -3.6316e-03]])
speech_lengths: tensor([65840])
label_ctc: tensor([], size=(1, 0), dtype=torch.int64)
btokens: <oov>, tensor([4233,   -1,   -1,   -1])
btokens: 不计其数, tensor([ 13, 177, 108, 160])
btokens: 如出一辙, tensor([ 209,   24,    3, 3302])
btokens: 已婚, tensor([114, 716,  -1,  -1])
btokens: 链球, tensor([829, 321,  -1,  -1])
btokens: 徐林, tensor([979, 508,  -1,  -1])
btokens: 农贸市场, tensor([ 574, 1154,   15,   40])
btokens: 温岭市, tensor([ 837, 2369,   15,   -1])
btokens: 纽约州, tensor([2126,  399,  346,   -1])
btokens: 这份, tensor([ 30, 384,  -1,  -1])
btokens: 该项, tensor([268, 182,  -1,  -1])
btokens: 实际上, tensor([104, 459,  11,  -1])
btokens: 审计长, tensor([515, 177, 131,  -1])
btokens: 农贸市场, tensor([ 574, 1154,   15,   40])
btokens: 许绍洋, tensor([ 523, 1000, 1087,   -1])
btokens: 帝王, tensor([1750,  387,   -1,   -1])
btokens: 口碑, tensor([ 383, 1823,   -1,   -1])
btokens: 输血, tensor([999, 968,  -1,  -1])
btokens: 电机, tensor([93, 58, -1, -1])
btokens: 隐患, tensor([1156,  937,   -1,   -1])
btokens: 举步, tensor([500, 227,  -1,  -1])
encoder_out: torch.Size([1, 128, 256])
ctc_pred: torch.Size([128])
atten: torch.Size([1, 128, 21])
tensor([13])
pred_ctc: ['<blank>', '<blank>', '<blank>', '<blank>', '<blank>', '<blank>', '<blank>', '<blank>', '<blank>', '<blank>', '<blank>', '<blank>', '<blank>', '<blank>', '<blank>', '<blank>', '<blank>', '<blank>', '<blank>', '<blank>', '<blank>', '<blank>', '<blank>', '<blank>', '<blank>', '<blank>', '<blank>', '<blank>', '<blank>', '<blank>', '<blank>', '<blank>', '<blank>', '<blank>', '<blank>', '<blank>', '<blank>', '<blank>', '<blank>', '<blank>', '<blank>', '<blank>', '<blank>', '<blank>', '<blank>', '<blank>', '<blank>', '<blank>', '<blank>', '<blank>', '<blank>', '<blank>', '<blank>', '<blank>', '<blank>', '<blank>', '<blank>', '<blank>', '<blank>', '<blank>', '<blank>', '<blank>', '<blank>', '<blank>', '<blank>', '<blank>', '<blank>', '<blank>', '<blank>', '<blank>', '<blank>', '<blank>', '<blank>', '<blank>', '<blank>', '<blank>', '<blank>', '<blank>', '<blank>', '<blank>', '<blank>', '<blank>', '<blank>', '<blank>', '<blank>', '<blank>', '<blank>', '<blank>', '<blank>', '<blank>', '<blank>', '<blank>', '<blank>', '<blank>', '<blank>', '<blank>', '<blank>', '<blank>', '<blank>', '<blank>', '<blank>', '<blank>', '<blank>', '<blank>', '<blank>', '<blank>', '<blank>', '<blank>', '<blank>', '<blank>', '<blank>', '<blank>', '<blank>', '<blank>', '<blank>', '<blank>', '<blank>', '<blank>', '<blank>', '<blank>', '<blank>', '<blank>', '<blank>', '<blank>', '<blank>', '<blank>', '<blank>', '<blank>']
texts: 但因为聚集了过多公共资源
uid: BAC009S0764W0123
blist:
tensor([[4233,   -1,   -1,   -1],
        [1103,  360,   -1,   -1],
        [  26,  477,   52,  401],
        [ 269,  737,   -1,   -1],
        [1673,  130,  778,   -1],
        [  16, 1888,   -1,   -1],
        [ 484, 1309,   -1,   -1],
        [ 131,  290,   -1,   -1],
        [  43,  615,  412,   -1],
        [  13,  558,   -1,   -1],
        [ 961, 1560,   -1,   -1],
        [ 138,   25,   -1,   -1],
        [ 760,  445,   -1,   -1],
        [1210,  229,   -1,   -1],
        [  64,  671,   -1,   -1],
        [ 631,  288,   -1,   -1],
        [   3,   23,  620,   -1],
        [  60,   76,   44, 1433],
        [ 312,  527,   63,   -1],
        [  15,   40,   91,   -1],
        [3391, 1481,   -1,   -1]])
ilens:
tensor([1, 2, 4, 2, 3, 2, 2, 2, 3, 2, 2, 2, 2, 2, 2, 2, 3, 4, 3, 3, 2])
speech: tensor([[0.0003, 0.0006, 0.0005,  ..., 0.0010, 0.0009, 0.0010]])
speech_lengths: tensor([64000])
label_ctc: tensor([[1, 2]])
btokens: <oov>, tensor([4233,   -1,   -1,   -1])
btokens: 聚集, tensor([1103,  360,   -1,   -1])
btokens: 公共资源, tensor([ 26, 477,  52, 401])
btokens: 统防, tensor([269, 737,  -1,  -1])
btokens: 肇事罪, tensor([1673,  130,  778,   -1])
btokens: 大厨, tensor([  16, 1888,   -1,   -1])
btokens: 优厚, tensor([ 484, 1309,   -1,   -1])
btokens: 长跑, tensor([131, 290,  -1,  -1])
btokens: 新闻办, tensor([ 43, 615, 412,  -1])
btokens: 不太, tensor([ 13, 558,  -1,  -1])
btokens: 古怪, tensor([ 961, 1560,   -1,   -1])
btokens: 但会, tensor([138,  25,  -1,  -1])
btokens: 申奥, tensor([760, 445,  -1,  -1])
btokens: 浪费, tensor([1210,  229,   -1,   -1])
btokens: 生病, tensor([ 64, 671,  -1,  -1])
btokens: 略显, tensor([631, 288,  -1,  -1])
btokens: 一分钱, tensor([  3,  23, 620,  -1])
btokens: 前车之鉴, tensor([  60,   76,   44, 1433])
btokens: 立足于, tensor([312, 527,  63,  -1])
btokens: 市场价, tensor([15, 40, 91, -1])
btokens: 栅栏, tensor([3391, 1481,   -1,   -1])
encoder_out: torch.Size([1, 124, 256])
ctc_pred: torch.Size([124])
atten: torch.Size([1, 124, 21])
tensor([12])
pred_ctc: ['<blank>', '<blank>', '<blank>', '<blank>', '<blank>', '<blank>', '<blank>', '<blank>', '<blank>', '<blank>', '<blank>', '<blank>', '<blank>', '<blank>', '<blank>', '<blank>', '<blank>', '<blank>', '<blank>', '<blank>', '<blank>', '<blank>', '<blank>', '<blank>', '<blank>', '<blank>', '<blank>', '<blank>', '<blank>', '<blank>', '<blank>', '<blank>', '<blank>', '<blank>', '<blank>', '<blank>', '<blank>', '<blank>', '<blank>', '<blank>', '<blank>', '<blank>', '<blank>', '<blank>', '<blank>', '<blank>', '<blank>', '<blank>', '<blank>', '<blank>', '<blank>', '<blank>', '<blank>', '<blank>', '<blank>', '<blank>', '<blank>', '<blank>', '<blank>', '<blank>', '<blank>', '<blank>', '<blank>', '<blank>', '<blank>', '<blank>', '<blank>', '<blank>', '<blank>', '<blank>', '<blank>', '<blank>', '<blank>', '<blank>', '<blank>', '<blank>', '<blank>', '<blank>', '<blank>', '<blank>', '<blank>', '<blank>', '<blank>', '<blank>', '<blank>', '<blank>', '<blank>', '<blank>', '<blank>', '<blank>', '<blank>', '<blank>', '<blank>', '<blank>', '<blank>', '<blank>', '<blank>', '<blank>', '<blank>', '<blank>', '<blank>', '<blank>', '<blank>', '<blank>', '<blank>', '<blank>', '<blank>', '<blank>', '<blank>', '<blank>', '<blank>', '<blank>', '<blank>', '<blank>', '<blank>', '<blank>', '<blank>', '<blank>', '<blank>', '<blank>', '<blank>', '<blank>', '<blank>', '<blank>']
texts: 为了规避三四线城市明显过剩的市场风险
uid: BAC009S0764W0124
blist:
tensor([[4233,   -1,   -1,   -1],
        [ 193, 1006,   -1,   -1],
        [  82, 1255,   -1,   -1],
        [ 303,  249,   -1,   -1],
        [ 279,   23,   -1,   -1],
        [ 718,   57,   -1,   -1],
        [  39,  938,   -1,   -1],
        [ 413, 1495,   -1,   -1],
        [   3,  297,   -1,   -1],
        [ 456,  704,   -1,   -1],
        [1909, 1712,   -1,   -1],
        [2033,  245,   -1,   -1],
        [2040, 1058,   -1,   -1],
        [1169,   70,   -1,   -1],
        [ 130,   21,   -1,   -1],
        [1945,  307,   -1,   -1],
        [ 888,  240,   -1,   -1],
        [   3,  927,   -1,   -1],
        [ 113,   85,  875,  944],
        [ 115, 2423,   -1,   -1],
        [   9,  154,  175,  101]])
ilens:
tensor([1, 2, 2, 2, 2, 2, 2, 2, 2, 2, 2, 2, 2, 2, 2, 2, 2, 2, 4, 2, 4])
speech: tensor([[1.3123e-03, 2.2888e-03, 2.1057e-03,  ..., 2.1362e-04, 1.8311e-04,
         9.1553e-05]])
speech_lengths: tensor([83792])
label_ctc: tensor([[1, 2]])
btokens: <oov>, tensor([4233,   -1,   -1,   -1])
btokens: 规避, tensor([ 193, 1006,   -1,   -1])
btokens: 过剩, tensor([  82, 1255,   -1,   -1])
btokens: 查获, tensor([303, 249,  -1,  -1])
btokens: 处分, tensor([279,  23,  -1,  -1])
btokens: 幕后, tensor([718,  57,  -1,  -1])
btokens: 能干, tensor([ 39, 938,  -1,  -1])
btokens: 照抄, tensor([ 413, 1495,   -1,   -1])
btokens: 一战, tensor([  3, 297,  -1,  -1])
btokens: 空白, tensor([456, 704,  -1,  -1])
btokens: 珍惜, tensor([1909, 1712,   -1,   -1])
btokens: 驳回, tensor([2033,  245,   -1,   -1])
btokens: 躲雨, tensor([2040, 1058,   -1,   -1])
btokens: 赶进, tensor([1169,   70,   -1,   -1])
btokens: 事发, tensor([130,  21,  -1,  -1])
btokens: 彭程, tensor([1945,  307,   -1,   -1])
btokens: 陆续, tensor([888, 240,  -1,  -1])
btokens: 一室, tensor([  3, 927,  -1,  -1])
btokens: 合作伙伴, tensor([113,  85, 875, 944])
btokens: 内蕴, tensor([ 115, 2423,   -1,   -1])
btokens: 有所增加, tensor([  9, 154, 175, 101])
encoder_out: torch.Size([1, 163, 256])
ctc_pred: torch.Size([163])
atten: torch.Size([1, 163, 21])
tensor([18])
pred_ctc: ['<blank>', '<blank>', '<blank>', '<blank>', '<blank>', '<blank>', '<blank>', '<blank>', '<blank>', '<blank>', '<blank>', '<blank>', '<blank>', '<blank>', '<blank>', '<blank>', '<blank>', '<blank>', '<blank>', '<blank>', '<blank>', '<blank>', '<blank>', '<blank>', '<blank>', '<blank>', '<blank>', '<blank>', '<blank>', '<blank>', '<blank>', '<blank>', '<blank>', '<blank>', '<blank>', '<blank>', '<blank>', '<blank>', '<blank>', '<blank>', '<blank>', '<blank>', '<blank>', '<blank>', '<blank>', '<blank>', '<blank>', '<blank>', '<blank>', '<blank>', '<blank>', '<blank>', '<blank>', '<blank>', '<blank>', '<blank>', '<blank>', '<blank>', '<blank>', '<blank>', '<blank>', '<blank>', '<blank>', '<blank>', '<blank>', '<blank>', '<blank>', '<blank>', '<blank>', '<blank>', '<blank>', '<blank>', '<blank>', '<blank>', '<blank>', '<blank>', '<blank>', '<blank>', '<blank>', '<blank>', '<blank>', '<blank>', '<blank>', '<blank>', '<blank>', '<blank>', '<blank>', '<blank>', '<blank>', '<blank>', '<blank>', '<blank>', '<blank>', '<blank>', '<blank>', '<blank>', '<blank>', '<blank>', '<blank>', '<blank>', '<blank>', '<blank>', '<blank>', '<blank>', '<blank>', '<blank>', '<blank>', '<blank>', '<blank>', '<blank>', '<blank>', '<blank>', '<blank>', '<blank>', '<blank>', '<blank>', '<blank>', '<blank>', '<blank>', '<blank>', '<blank>', '<blank>', '<blank>', '<blank>', '<blank>', '<blank>', '<blank>', '<blank>', '<blank>', '<blank>', '<blank>', '<blank>', '<blank>', '<blank>', '<blank>', '<blank>', '<blank>', '<blank>', '<blank>', '<blank>', '<blank>', '<blank>', '<blank>', '<blank>', '<blank>', '<blank>', '<blank>', '<blank>', '<blank>', '<blank>', '<blank>', '<blank>', '<blank>', '<blank>', '<blank>', '<blank>', '<blank>', '<blank>', '<blank>', '<blank>', '<blank>', '<blank>', '<blank>']
texts: 标杆房企必然调整市场战略
uid: BAC009S0764W0125
blist:
tensor([[4233,   -1,   -1,   -1,   -1],
        [ 222, 1274,   -1,   -1,   -1],
        [ 629,  200,   -1,   -1,   -1],
        [ 222,    2,   -1,   -1,   -1],
        [ 238,  199,  109,   -1,   -1],
        [ 145,  506,  584,   -1,   -1],
        [ 965, 2862,   -1,   -1,   -1],
        [ 819,  294,   -1,   -1,   -1],
        [ 650,   18,   -1,   -1,   -1],
        [  82,  121,   -1,   -1,   -1],
        [   6,  189,  506,  464,   -1],
        [ 965, 1338,   -1,   -1,   -1],
        [ 589,  392,   -1,   -1,   -1],
        [1740,  262, 2430,   -1,   -1],
        [ 976,   67,   64,   34,  370],
        [1026,   85,   -1,   -1,   -1],
        [ 805,   74,   -1,   -1,   -1],
        [1100,  429,   -1,   -1,   -1],
        [ 195,   19,  691,   -1,   -1],
        [  21,  416,  505,   -1,   -1],
        [ 272,  124,   -1,   -1,   -1]])
ilens:
tensor([1, 2, 2, 2, 3, 3, 2, 2, 2, 2, 4, 2, 2, 3, 5, 2, 2, 2, 3, 3, 2])
speech: tensor([[0.0014, 0.0024, 0.0020,  ..., 0.0033, 0.0035, 0.0030]])
speech_lengths: tensor([68976])
label_ctc: tensor([[1, 2]])
btokens: <oov>, tensor([4233,   -1,   -1,   -1,   -1])
btokens: 标杆, tensor([ 222, 1274,   -1,   -1,   -1])
btokens: 必然, tensor([629, 200,  -1,  -1,  -1])
btokens: 标的, tensor([222,   2,  -1,  -1,  -1])
btokens: 向心力, tensor([238, 199, 109,  -1,  -1])
btokens: 主教练, tensor([145, 506, 584,  -1,  -1])
btokens: 抗旱, tensor([ 965, 2862,   -1,   -1,   -1])
btokens: 声称, tensor([819, 294,  -1,  -1,  -1])
btokens: 列为, tensor([650,  18,  -1,  -1,  -1])
btokens: 过得, tensor([ 82, 121,  -1,  -1,  -1])
btokens: 中学教师, tensor([  6, 189, 506, 464,  -1])
btokens: 抗衡, tensor([ 965, 1338,   -1,   -1,   -1])
btokens: 评团, tensor([589, 392,  -1,  -1,  -1])
btokens: 盐水鸭, tensor([1740,  262, 2430,   -1,   -1])
btokens: 劳动生产率, tensor([976,  67,  64,  34, 370])
btokens: 炒作, tensor([1026,   85,   -1,   -1,   -1])
btokens: 妻子, tensor([805,  74,  -1,  -1,  -1])
btokens: 翻越, tensor([1100,  429,   -1,   -1,   -1])
btokens: 明年初, tensor([195,  19, 691,  -1,  -1])
btokens: 发微博, tensor([ 21, 416, 505,  -1,  -1])
btokens: 购入, tensor([272, 124,  -1,  -1,  -1])
encoder_out: torch.Size([1, 134, 256])
ctc_pred: torch.Size([134])
atten: torch.Size([1, 134, 21])
tensor([12])
pred_ctc: ['<blank>', '<blank>', '<blank>', '<blank>', '<blank>', '<blank>', '<blank>', '<blank>', '<blank>', '<blank>', '<blank>', '<blank>', '<blank>', '<blank>', '<blank>', '<blank>', '<blank>', '<blank>', '<blank>', '<blank>', '<blank>', '<blank>', '<blank>', '<blank>', '<blank>', '<blank>', '<blank>', '<blank>', '<blank>', '<blank>', '<blank>', '<blank>', '<blank>', '<blank>', '<blank>', '<blank>', '<blank>', '<blank>', '<blank>', '<blank>', '<blank>', '<blank>', '<blank>', '<blank>', '<blank>', '<blank>', '<blank>', '<blank>', '<blank>', '<blank>', '<blank>', '<blank>', '<blank>', '<blank>', '<blank>', '<blank>', '<blank>', '<blank>', '<blank>', '<blank>', '<blank>', '<blank>', '<blank>', '<blank>', '<blank>', '<blank>', '<blank>', '<blank>', '<blank>', '<blank>', '<blank>', '<blank>', '<blank>', '<blank>', '<blank>', '<blank>', '<blank>', '<blank>', '<blank>', '<blank>', '<blank>', '<blank>', '<blank>', '<blank>', '<blank>', '<blank>', '<blank>', '<blank>', '<blank>', '<blank>', '<blank>', '<blank>', '<blank>', '<blank>', '<blank>', '<blank>', '<blank>', '<blank>', '<blank>', '<blank>', '<blank>', '<blank>', '<blank>', '<blank>', '<blank>', '<blank>', '<blank>', '<blank>', '<blank>', '<blank>', '<blank>', '<blank>', '<blank>', '<blank>', '<blank>', '<blank>', '<blank>', '<blank>', '<blank>', '<blank>', '<blank>', '<blank>', '<blank>', '<blank>', '<blank>', '<blank>', '<blank>', '<blank>', '<blank>', '<blank>', '<blank>', '<blank>', '<blank>', '<blank>']
texts: 因此土地储备至关重要
uid: BAC009S0764W0126
blist:
tensor([[4233,   -1,   -1,   -1],
        [ 460,   28, 1137,  309],
        [ 254,  119,  146,   50],
        [ 222,  890,   -1,   -1],
        [1036, 1689,   -1,   -1],
        [ 516,  355,   -1,   -1],
        [1340,    3,   -1,   -1],
        [ 149,   62,   -1,   -1],
        [2284,  503,   -1,   -1],
        [ 156,    5,   20,  186],
        [ 677,  174,   -1,   -1],
        [1336,   11,   -1,   -1],
        [1287,  319,   -1,   -1],
        [1185,  453,   -1,   -1],
        [1997, 1402,   -1,   -1],
        [ 175,  451,  435,   -1],
        [ 406,  382,   -1,   -1],
        [  19,   60,   -1,   -1],
        [ 300,  260,   -1,   -1],
        [ 203,  303,  314,  216],
        [ 759,  914,   -1,   -1]])
ilens:
tensor([1, 4, 4, 2, 2, 2, 2, 2, 2, 4, 2, 2, 2, 2, 2, 3, 2, 2, 2, 4, 2])
speech: tensor([[0.0034, 0.0058, 0.0050,  ..., 0.0063, 0.0061, 0.0067]])
speech_lengths: tensor([56000])
label_ctc: tensor([[1, 2]])
btokens: <oov>, tensor([4233,   -1,   -1,   -1])
btokens: 土地储备, tensor([ 460,   28, 1137,  309])
btokens: 至关重要, tensor([254, 119, 146,  50])
btokens: 标签, tensor([222, 890,  -1,  -1])
btokens: 朱圣, tensor([1036, 1689,   -1,   -1])
btokens: 竞走, tensor([516, 355,  -1,  -1])
btokens: 唯一, tensor([1340,    3,   -1,   -1])
btokens: 相比, tensor([149,  62,  -1,  -1])
btokens: 氢气, tensor([2284,  503,   -1,   -1])
btokens: 第十三位, tensor([156,   5,  20, 186])
btokens: 请示, tensor([677, 174,  -1,  -1])
btokens: 船上, tensor([1336,   11,   -1,   -1])
btokens: 缴存, tensor([1287,  319,   -1,   -1])
btokens: 雷某, tensor([1185,  453,   -1,   -1])
btokens: 剪纸, tensor([1997, 1402,   -1,   -1])
btokens: 增值税, tensor([175, 451, 435,  -1])
btokens: 带领, tensor([406, 382,  -1,  -1])
btokens: 年前, tensor([19, 60, -1, -1])
btokens: 案件, tensor([300, 260,  -1,  -1])
btokens: 调查结果, tensor([203, 303, 314, 216])
btokens: 甚佳, tensor([759, 914,  -1,  -1])
encoder_out: torch.Size([1, 108, 256])
ctc_pred: torch.Size([108])
atten: torch.Size([1, 108, 21])
tensor([10])
pred_ctc: ['<blank>', '<blank>', '<blank>', '<blank>', '<blank>', '<blank>', '<blank>', '<blank>', '<blank>', '<blank>', '<blank>', '<blank>', '<blank>', '<blank>', '<blank>', '<blank>', '<blank>', '<blank>', '<blank>', '<blank>', '<blank>', '<blank>', '<blank>', '<blank>', '<blank>', '<blank>', '<blank>', '<blank>', '<blank>', '<blank>', '<blank>', '<blank>', '<blank>', '<blank>', '<blank>', '<blank>', '<blank>', '<blank>', '<blank>', '<blank>', '<blank>', '<blank>', '<blank>', '<blank>', '<blank>', '<blank>', '<blank>', '<blank>', '<blank>', '<blank>', '<blank>', '<blank>', '<blank>', '<blank>', '<blank>', '<blank>', '<blank>', '<blank>', '<blank>', '<blank>', '<blank>', '<blank>', '<blank>', '<blank>', '<blank>', '<blank>', '<blank>', '<blank>', '<blank>', '<blank>', '<blank>', '<blank>', '<blank>', '<blank>', '<blank>', '<blank>', '<blank>', '<blank>', '<blank>', '<blank>', '<blank>', '<blank>', '<blank>', '<blank>', '<blank>', '<blank>', '<blank>', '<blank>', '<blank>', '<blank>', '<blank>', '<blank>', '<blank>', '<blank>', '<blank>', '<blank>', '<blank>', '<blank>', '<blank>', '<blank>', '<blank>', '<blank>', '<blank>', '<blank>', '<blank>', '<blank>', '<blank>', '<blank>']
