RNN-T Streaming Datas:
frontend.logmel.melmat
normalize.mean
normalize.std
encoder.embed.conv.0.weight
encoder.embed.conv.0.bias
encoder.embed.conv.2.weight
encoder.embed.conv.2.bias
encoder.embed.output.weight
encoder.embed.output.bias
encoder.encoders.0.self_att.pos_bias_u
encoder.encoders.0.self_att.pos_bias_v
encoder.encoders.0.self_att.linear_q.weight
encoder.encoders.0.self_att.linear_q.bias
encoder.encoders.0.self_att.linear_k.weight
encoder.encoders.0.self_att.linear_k.bias
encoder.encoders.0.self_att.linear_v.weight
encoder.encoders.0.self_att.linear_v.bias
encoder.encoders.0.self_att.linear_out.weight
encoder.encoders.0.self_att.linear_out.bias
encoder.encoders.0.self_att.linear_pos.weight
encoder.encoders.0.feed_forward.w_1.weight
encoder.encoders.0.feed_forward.w_1.bias
encoder.encoders.0.feed_forward.w_2.weight
encoder.encoders.0.feed_forward.w_2.bias
encoder.encoders.0.feed_forward_macaron.w_1.weight
encoder.encoders.0.feed_forward_macaron.w_1.bias
encoder.encoders.0.feed_forward_macaron.w_2.weight
encoder.encoders.0.feed_forward_macaron.w_2.bias
encoder.encoders.0.conv_mod.pointwise_conv1.weight
encoder.encoders.0.conv_mod.pointwise_conv1.bias
encoder.encoders.0.conv_mod.depthwise_conv.weight
encoder.encoders.0.conv_mod.depthwise_conv.bias
encoder.encoders.0.conv_mod.norm.weight
encoder.encoders.0.conv_mod.norm.bias
encoder.encoders.0.conv_mod.norm.running_mean
encoder.encoders.0.conv_mod.norm.running_var
encoder.encoders.0.conv_mod.norm.num_batches_tracked
encoder.encoders.0.conv_mod.pointwise_conv2.weight
encoder.encoders.0.conv_mod.pointwise_conv2.bias
encoder.encoders.0.norm_feed_forward.weight
encoder.encoders.0.norm_feed_forward.bias
encoder.encoders.0.norm_self_att.weight
encoder.encoders.0.norm_self_att.bias
encoder.encoders.0.norm_macaron.weight
encoder.encoders.0.norm_macaron.bias
encoder.encoders.0.norm_conv.weight
encoder.encoders.0.norm_conv.bias
encoder.encoders.0.norm_final.weight
encoder.encoders.0.norm_final.bias
encoder.encoders.1.self_att.pos_bias_u
encoder.encoders.1.self_att.pos_bias_v
encoder.encoders.1.self_att.linear_q.weight
encoder.encoders.1.self_att.linear_q.bias
encoder.encoders.1.self_att.linear_k.weight
encoder.encoders.1.self_att.linear_k.bias
encoder.encoders.1.self_att.linear_v.weight
encoder.encoders.1.self_att.linear_v.bias
encoder.encoders.1.self_att.linear_out.weight
encoder.encoders.1.self_att.linear_out.bias
encoder.encoders.1.self_att.linear_pos.weight
encoder.encoders.1.feed_forward.w_1.weight
encoder.encoders.1.feed_forward.w_1.bias
encoder.encoders.1.feed_forward.w_2.weight
encoder.encoders.1.feed_forward.w_2.bias
encoder.encoders.1.feed_forward_macaron.w_1.weight
encoder.encoders.1.feed_forward_macaron.w_1.bias
encoder.encoders.1.feed_forward_macaron.w_2.weight
encoder.encoders.1.feed_forward_macaron.w_2.bias
encoder.encoders.1.conv_mod.pointwise_conv1.weight
encoder.encoders.1.conv_mod.pointwise_conv1.bias
encoder.encoders.1.conv_mod.depthwise_conv.weight
encoder.encoders.1.conv_mod.depthwise_conv.bias
encoder.encoders.1.conv_mod.norm.weight
encoder.encoders.1.conv_mod.norm.bias
encoder.encoders.1.conv_mod.norm.running_mean
encoder.encoders.1.conv_mod.norm.running_var
encoder.encoders.1.conv_mod.norm.num_batches_tracked
encoder.encoders.1.conv_mod.pointwise_conv2.weight
encoder.encoders.1.conv_mod.pointwise_conv2.bias
encoder.encoders.1.norm_feed_forward.weight
encoder.encoders.1.norm_feed_forward.bias
encoder.encoders.1.norm_self_att.weight
encoder.encoders.1.norm_self_att.bias
encoder.encoders.1.norm_macaron.weight
encoder.encoders.1.norm_macaron.bias
encoder.encoders.1.norm_conv.weight
encoder.encoders.1.norm_conv.bias
encoder.encoders.1.norm_final.weight
encoder.encoders.1.norm_final.bias
encoder.encoders.2.self_att.pos_bias_u
encoder.encoders.2.self_att.pos_bias_v
encoder.encoders.2.self_att.linear_q.weight
encoder.encoders.2.self_att.linear_q.bias
encoder.encoders.2.self_att.linear_k.weight
encoder.encoders.2.self_att.linear_k.bias
encoder.encoders.2.self_att.linear_v.weight
encoder.encoders.2.self_att.linear_v.bias
encoder.encoders.2.self_att.linear_out.weight
encoder.encoders.2.self_att.linear_out.bias
encoder.encoders.2.self_att.linear_pos.weight
encoder.encoders.2.feed_forward.w_1.weight
encoder.encoders.2.feed_forward.w_1.bias
encoder.encoders.2.feed_forward.w_2.weight
encoder.encoders.2.feed_forward.w_2.bias
encoder.encoders.2.feed_forward_macaron.w_1.weight
encoder.encoders.2.feed_forward_macaron.w_1.bias
encoder.encoders.2.feed_forward_macaron.w_2.weight
encoder.encoders.2.feed_forward_macaron.w_2.bias
encoder.encoders.2.conv_mod.pointwise_conv1.weight
encoder.encoders.2.conv_mod.pointwise_conv1.bias
encoder.encoders.2.conv_mod.depthwise_conv.weight
encoder.encoders.2.conv_mod.depthwise_conv.bias
encoder.encoders.2.conv_mod.norm.weight
encoder.encoders.2.conv_mod.norm.bias
encoder.encoders.2.conv_mod.norm.running_mean
encoder.encoders.2.conv_mod.norm.running_var
encoder.encoders.2.conv_mod.norm.num_batches_tracked
encoder.encoders.2.conv_mod.pointwise_conv2.weight
encoder.encoders.2.conv_mod.pointwise_conv2.bias
encoder.encoders.2.norm_feed_forward.weight
encoder.encoders.2.norm_feed_forward.bias
encoder.encoders.2.norm_self_att.weight
encoder.encoders.2.norm_self_att.bias
encoder.encoders.2.norm_macaron.weight
encoder.encoders.2.norm_macaron.bias
encoder.encoders.2.norm_conv.weight
encoder.encoders.2.norm_conv.bias
encoder.encoders.2.norm_final.weight
encoder.encoders.2.norm_final.bias
encoder.encoders.3.self_att.pos_bias_u
encoder.encoders.3.self_att.pos_bias_v
encoder.encoders.3.self_att.linear_q.weight
encoder.encoders.3.self_att.linear_q.bias
encoder.encoders.3.self_att.linear_k.weight
encoder.encoders.3.self_att.linear_k.bias
encoder.encoders.3.self_att.linear_v.weight
encoder.encoders.3.self_att.linear_v.bias
encoder.encoders.3.self_att.linear_out.weight
encoder.encoders.3.self_att.linear_out.bias
encoder.encoders.3.self_att.linear_pos.weight
encoder.encoders.3.feed_forward.w_1.weight
encoder.encoders.3.feed_forward.w_1.bias
encoder.encoders.3.feed_forward.w_2.weight
encoder.encoders.3.feed_forward.w_2.bias
encoder.encoders.3.feed_forward_macaron.w_1.weight
encoder.encoders.3.feed_forward_macaron.w_1.bias
encoder.encoders.3.feed_forward_macaron.w_2.weight
encoder.encoders.3.feed_forward_macaron.w_2.bias
encoder.encoders.3.conv_mod.pointwise_conv1.weight
encoder.encoders.3.conv_mod.pointwise_conv1.bias
encoder.encoders.3.conv_mod.depthwise_conv.weight
encoder.encoders.3.conv_mod.depthwise_conv.bias
encoder.encoders.3.conv_mod.norm.weight
encoder.encoders.3.conv_mod.norm.bias
encoder.encoders.3.conv_mod.norm.running_mean
encoder.encoders.3.conv_mod.norm.running_var
encoder.encoders.3.conv_mod.norm.num_batches_tracked
encoder.encoders.3.conv_mod.pointwise_conv2.weight
encoder.encoders.3.conv_mod.pointwise_conv2.bias
encoder.encoders.3.norm_feed_forward.weight
encoder.encoders.3.norm_feed_forward.bias
encoder.encoders.3.norm_self_att.weight
encoder.encoders.3.norm_self_att.bias
encoder.encoders.3.norm_macaron.weight
encoder.encoders.3.norm_macaron.bias
encoder.encoders.3.norm_conv.weight
encoder.encoders.3.norm_conv.bias
encoder.encoders.3.norm_final.weight
encoder.encoders.3.norm_final.bias
encoder.encoders.4.self_att.pos_bias_u
encoder.encoders.4.self_att.pos_bias_v
encoder.encoders.4.self_att.linear_q.weight
encoder.encoders.4.self_att.linear_q.bias
encoder.encoders.4.self_att.linear_k.weight
encoder.encoders.4.self_att.linear_k.bias
encoder.encoders.4.self_att.linear_v.weight
encoder.encoders.4.self_att.linear_v.bias
encoder.encoders.4.self_att.linear_out.weight
encoder.encoders.4.self_att.linear_out.bias
encoder.encoders.4.self_att.linear_pos.weight
encoder.encoders.4.feed_forward.w_1.weight
encoder.encoders.4.feed_forward.w_1.bias
encoder.encoders.4.feed_forward.w_2.weight
encoder.encoders.4.feed_forward.w_2.bias
encoder.encoders.4.feed_forward_macaron.w_1.weight
encoder.encoders.4.feed_forward_macaron.w_1.bias
encoder.encoders.4.feed_forward_macaron.w_2.weight
encoder.encoders.4.feed_forward_macaron.w_2.bias
encoder.encoders.4.conv_mod.pointwise_conv1.weight
encoder.encoders.4.conv_mod.pointwise_conv1.bias
encoder.encoders.4.conv_mod.depthwise_conv.weight
encoder.encoders.4.conv_mod.depthwise_conv.bias
encoder.encoders.4.conv_mod.norm.weight
encoder.encoders.4.conv_mod.norm.bias
encoder.encoders.4.conv_mod.norm.running_mean
encoder.encoders.4.conv_mod.norm.running_var
encoder.encoders.4.conv_mod.norm.num_batches_tracked
encoder.encoders.4.conv_mod.pointwise_conv2.weight
encoder.encoders.4.conv_mod.pointwise_conv2.bias
encoder.encoders.4.norm_feed_forward.weight
encoder.encoders.4.norm_feed_forward.bias
encoder.encoders.4.norm_self_att.weight
encoder.encoders.4.norm_self_att.bias
encoder.encoders.4.norm_macaron.weight
encoder.encoders.4.norm_macaron.bias
encoder.encoders.4.norm_conv.weight
encoder.encoders.4.norm_conv.bias
encoder.encoders.4.norm_final.weight
encoder.encoders.4.norm_final.bias
encoder.encoders.5.self_att.pos_bias_u
encoder.encoders.5.self_att.pos_bias_v
encoder.encoders.5.self_att.linear_q.weight
encoder.encoders.5.self_att.linear_q.bias
encoder.encoders.5.self_att.linear_k.weight
encoder.encoders.5.self_att.linear_k.bias
encoder.encoders.5.self_att.linear_v.weight
encoder.encoders.5.self_att.linear_v.bias
encoder.encoders.5.self_att.linear_out.weight
encoder.encoders.5.self_att.linear_out.bias
encoder.encoders.5.self_att.linear_pos.weight
encoder.encoders.5.feed_forward.w_1.weight
encoder.encoders.5.feed_forward.w_1.bias
encoder.encoders.5.feed_forward.w_2.weight
encoder.encoders.5.feed_forward.w_2.bias
encoder.encoders.5.feed_forward_macaron.w_1.weight
encoder.encoders.5.feed_forward_macaron.w_1.bias
encoder.encoders.5.feed_forward_macaron.w_2.weight
encoder.encoders.5.feed_forward_macaron.w_2.bias
encoder.encoders.5.conv_mod.pointwise_conv1.weight
encoder.encoders.5.conv_mod.pointwise_conv1.bias
encoder.encoders.5.conv_mod.depthwise_conv.weight
encoder.encoders.5.conv_mod.depthwise_conv.bias
encoder.encoders.5.conv_mod.norm.weight
encoder.encoders.5.conv_mod.norm.bias
encoder.encoders.5.conv_mod.norm.running_mean
encoder.encoders.5.conv_mod.norm.running_var
encoder.encoders.5.conv_mod.norm.num_batches_tracked
encoder.encoders.5.conv_mod.pointwise_conv2.weight
encoder.encoders.5.conv_mod.pointwise_conv2.bias
encoder.encoders.5.norm_feed_forward.weight
encoder.encoders.5.norm_feed_forward.bias
encoder.encoders.5.norm_self_att.weight
encoder.encoders.5.norm_self_att.bias
encoder.encoders.5.norm_macaron.weight
encoder.encoders.5.norm_macaron.bias
encoder.encoders.5.norm_conv.weight
encoder.encoders.5.norm_conv.bias
encoder.encoders.5.norm_final.weight
encoder.encoders.5.norm_final.bias
encoder.encoders.6.self_att.pos_bias_u
encoder.encoders.6.self_att.pos_bias_v
encoder.encoders.6.self_att.linear_q.weight
encoder.encoders.6.self_att.linear_q.bias
encoder.encoders.6.self_att.linear_k.weight
encoder.encoders.6.self_att.linear_k.bias
encoder.encoders.6.self_att.linear_v.weight
encoder.encoders.6.self_att.linear_v.bias
encoder.encoders.6.self_att.linear_out.weight
encoder.encoders.6.self_att.linear_out.bias
encoder.encoders.6.self_att.linear_pos.weight
encoder.encoders.6.feed_forward.w_1.weight
encoder.encoders.6.feed_forward.w_1.bias
encoder.encoders.6.feed_forward.w_2.weight
encoder.encoders.6.feed_forward.w_2.bias
encoder.encoders.6.feed_forward_macaron.w_1.weight
encoder.encoders.6.feed_forward_macaron.w_1.bias
encoder.encoders.6.feed_forward_macaron.w_2.weight
encoder.encoders.6.feed_forward_macaron.w_2.bias
encoder.encoders.6.conv_mod.pointwise_conv1.weight
encoder.encoders.6.conv_mod.pointwise_conv1.bias
encoder.encoders.6.conv_mod.depthwise_conv.weight
encoder.encoders.6.conv_mod.depthwise_conv.bias
encoder.encoders.6.conv_mod.norm.weight
encoder.encoders.6.conv_mod.norm.bias
encoder.encoders.6.conv_mod.norm.running_mean
encoder.encoders.6.conv_mod.norm.running_var
encoder.encoders.6.conv_mod.norm.num_batches_tracked
encoder.encoders.6.conv_mod.pointwise_conv2.weight
encoder.encoders.6.conv_mod.pointwise_conv2.bias
encoder.encoders.6.norm_feed_forward.weight
encoder.encoders.6.norm_feed_forward.bias
encoder.encoders.6.norm_self_att.weight
encoder.encoders.6.norm_self_att.bias
encoder.encoders.6.norm_macaron.weight
encoder.encoders.6.norm_macaron.bias
encoder.encoders.6.norm_conv.weight
encoder.encoders.6.norm_conv.bias
encoder.encoders.6.norm_final.weight
encoder.encoders.6.norm_final.bias
encoder.encoders.7.self_att.pos_bias_u
encoder.encoders.7.self_att.pos_bias_v
encoder.encoders.7.self_att.linear_q.weight
encoder.encoders.7.self_att.linear_q.bias
encoder.encoders.7.self_att.linear_k.weight
encoder.encoders.7.self_att.linear_k.bias
encoder.encoders.7.self_att.linear_v.weight
encoder.encoders.7.self_att.linear_v.bias
encoder.encoders.7.self_att.linear_out.weight
encoder.encoders.7.self_att.linear_out.bias
encoder.encoders.7.self_att.linear_pos.weight
encoder.encoders.7.feed_forward.w_1.weight
encoder.encoders.7.feed_forward.w_1.bias
encoder.encoders.7.feed_forward.w_2.weight
encoder.encoders.7.feed_forward.w_2.bias
encoder.encoders.7.feed_forward_macaron.w_1.weight
encoder.encoders.7.feed_forward_macaron.w_1.bias
encoder.encoders.7.feed_forward_macaron.w_2.weight
encoder.encoders.7.feed_forward_macaron.w_2.bias
encoder.encoders.7.conv_mod.pointwise_conv1.weight
encoder.encoders.7.conv_mod.pointwise_conv1.bias
encoder.encoders.7.conv_mod.depthwise_conv.weight
encoder.encoders.7.conv_mod.depthwise_conv.bias
encoder.encoders.7.conv_mod.norm.weight
encoder.encoders.7.conv_mod.norm.bias
encoder.encoders.7.conv_mod.norm.running_mean
encoder.encoders.7.conv_mod.norm.running_var
encoder.encoders.7.conv_mod.norm.num_batches_tracked
encoder.encoders.7.conv_mod.pointwise_conv2.weight
encoder.encoders.7.conv_mod.pointwise_conv2.bias
encoder.encoders.7.norm_feed_forward.weight
encoder.encoders.7.norm_feed_forward.bias
encoder.encoders.7.norm_self_att.weight
encoder.encoders.7.norm_self_att.bias
encoder.encoders.7.norm_macaron.weight
encoder.encoders.7.norm_macaron.bias
encoder.encoders.7.norm_conv.weight
encoder.encoders.7.norm_conv.bias
encoder.encoders.7.norm_final.weight
encoder.encoders.7.norm_final.bias
encoder.encoders.8.self_att.pos_bias_u
encoder.encoders.8.self_att.pos_bias_v
encoder.encoders.8.self_att.linear_q.weight
encoder.encoders.8.self_att.linear_q.bias
encoder.encoders.8.self_att.linear_k.weight
encoder.encoders.8.self_att.linear_k.bias
encoder.encoders.8.self_att.linear_v.weight
encoder.encoders.8.self_att.linear_v.bias
encoder.encoders.8.self_att.linear_out.weight
encoder.encoders.8.self_att.linear_out.bias
encoder.encoders.8.self_att.linear_pos.weight
encoder.encoders.8.feed_forward.w_1.weight
encoder.encoders.8.feed_forward.w_1.bias
encoder.encoders.8.feed_forward.w_2.weight
encoder.encoders.8.feed_forward.w_2.bias
encoder.encoders.8.feed_forward_macaron.w_1.weight
encoder.encoders.8.feed_forward_macaron.w_1.bias
encoder.encoders.8.feed_forward_macaron.w_2.weight
encoder.encoders.8.feed_forward_macaron.w_2.bias
encoder.encoders.8.conv_mod.pointwise_conv1.weight
encoder.encoders.8.conv_mod.pointwise_conv1.bias
encoder.encoders.8.conv_mod.depthwise_conv.weight
encoder.encoders.8.conv_mod.depthwise_conv.bias
encoder.encoders.8.conv_mod.norm.weight
encoder.encoders.8.conv_mod.norm.bias
encoder.encoders.8.conv_mod.norm.running_mean
encoder.encoders.8.conv_mod.norm.running_var
encoder.encoders.8.conv_mod.norm.num_batches_tracked
encoder.encoders.8.conv_mod.pointwise_conv2.weight
encoder.encoders.8.conv_mod.pointwise_conv2.bias
encoder.encoders.8.norm_feed_forward.weight
encoder.encoders.8.norm_feed_forward.bias
encoder.encoders.8.norm_self_att.weight
encoder.encoders.8.norm_self_att.bias
encoder.encoders.8.norm_macaron.weight
encoder.encoders.8.norm_macaron.bias
encoder.encoders.8.norm_conv.weight
encoder.encoders.8.norm_conv.bias
encoder.encoders.8.norm_final.weight
encoder.encoders.8.norm_final.bias
encoder.encoders.9.self_att.pos_bias_u
encoder.encoders.9.self_att.pos_bias_v
encoder.encoders.9.self_att.linear_q.weight
encoder.encoders.9.self_att.linear_q.bias
encoder.encoders.9.self_att.linear_k.weight
encoder.encoders.9.self_att.linear_k.bias
encoder.encoders.9.self_att.linear_v.weight
encoder.encoders.9.self_att.linear_v.bias
encoder.encoders.9.self_att.linear_out.weight
encoder.encoders.9.self_att.linear_out.bias
encoder.encoders.9.self_att.linear_pos.weight
encoder.encoders.9.feed_forward.w_1.weight
encoder.encoders.9.feed_forward.w_1.bias
encoder.encoders.9.feed_forward.w_2.weight
encoder.encoders.9.feed_forward.w_2.bias
encoder.encoders.9.feed_forward_macaron.w_1.weight
encoder.encoders.9.feed_forward_macaron.w_1.bias
encoder.encoders.9.feed_forward_macaron.w_2.weight
encoder.encoders.9.feed_forward_macaron.w_2.bias
encoder.encoders.9.conv_mod.pointwise_conv1.weight
encoder.encoders.9.conv_mod.pointwise_conv1.bias
encoder.encoders.9.conv_mod.depthwise_conv.weight
encoder.encoders.9.conv_mod.depthwise_conv.bias
encoder.encoders.9.conv_mod.norm.weight
encoder.encoders.9.conv_mod.norm.bias
encoder.encoders.9.conv_mod.norm.running_mean
encoder.encoders.9.conv_mod.norm.running_var
encoder.encoders.9.conv_mod.norm.num_batches_tracked
encoder.encoders.9.conv_mod.pointwise_conv2.weight
encoder.encoders.9.conv_mod.pointwise_conv2.bias
encoder.encoders.9.norm_feed_forward.weight
encoder.encoders.9.norm_feed_forward.bias
encoder.encoders.9.norm_self_att.weight
encoder.encoders.9.norm_self_att.bias
encoder.encoders.9.norm_macaron.weight
encoder.encoders.9.norm_macaron.bias
encoder.encoders.9.norm_conv.weight
encoder.encoders.9.norm_conv.bias
encoder.encoders.9.norm_final.weight
encoder.encoders.9.norm_final.bias
encoder.encoders.10.self_att.pos_bias_u
encoder.encoders.10.self_att.pos_bias_v
encoder.encoders.10.self_att.linear_q.weight
encoder.encoders.10.self_att.linear_q.bias
encoder.encoders.10.self_att.linear_k.weight
encoder.encoders.10.self_att.linear_k.bias
encoder.encoders.10.self_att.linear_v.weight
encoder.encoders.10.self_att.linear_v.bias
encoder.encoders.10.self_att.linear_out.weight
encoder.encoders.10.self_att.linear_out.bias
encoder.encoders.10.self_att.linear_pos.weight
encoder.encoders.10.feed_forward.w_1.weight
encoder.encoders.10.feed_forward.w_1.bias
encoder.encoders.10.feed_forward.w_2.weight
encoder.encoders.10.feed_forward.w_2.bias
encoder.encoders.10.feed_forward_macaron.w_1.weight
encoder.encoders.10.feed_forward_macaron.w_1.bias
encoder.encoders.10.feed_forward_macaron.w_2.weight
encoder.encoders.10.feed_forward_macaron.w_2.bias
encoder.encoders.10.conv_mod.pointwise_conv1.weight
encoder.encoders.10.conv_mod.pointwise_conv1.bias
encoder.encoders.10.conv_mod.depthwise_conv.weight
encoder.encoders.10.conv_mod.depthwise_conv.bias
encoder.encoders.10.conv_mod.norm.weight
encoder.encoders.10.conv_mod.norm.bias
encoder.encoders.10.conv_mod.norm.running_mean
encoder.encoders.10.conv_mod.norm.running_var
encoder.encoders.10.conv_mod.norm.num_batches_tracked
encoder.encoders.10.conv_mod.pointwise_conv2.weight
encoder.encoders.10.conv_mod.pointwise_conv2.bias
encoder.encoders.10.norm_feed_forward.weight
encoder.encoders.10.norm_feed_forward.bias
encoder.encoders.10.norm_self_att.weight
encoder.encoders.10.norm_self_att.bias
encoder.encoders.10.norm_macaron.weight
encoder.encoders.10.norm_macaron.bias
encoder.encoders.10.norm_conv.weight
encoder.encoders.10.norm_conv.bias
encoder.encoders.10.norm_final.weight
encoder.encoders.10.norm_final.bias
encoder.encoders.11.self_att.pos_bias_u
encoder.encoders.11.self_att.pos_bias_v
encoder.encoders.11.self_att.linear_q.weight
encoder.encoders.11.self_att.linear_q.bias
encoder.encoders.11.self_att.linear_k.weight
encoder.encoders.11.self_att.linear_k.bias
encoder.encoders.11.self_att.linear_v.weight
encoder.encoders.11.self_att.linear_v.bias
encoder.encoders.11.self_att.linear_out.weight
encoder.encoders.11.self_att.linear_out.bias
encoder.encoders.11.self_att.linear_pos.weight
encoder.encoders.11.feed_forward.w_1.weight
encoder.encoders.11.feed_forward.w_1.bias
encoder.encoders.11.feed_forward.w_2.weight
encoder.encoders.11.feed_forward.w_2.bias
encoder.encoders.11.feed_forward_macaron.w_1.weight
encoder.encoders.11.feed_forward_macaron.w_1.bias
encoder.encoders.11.feed_forward_macaron.w_2.weight
encoder.encoders.11.feed_forward_macaron.w_2.bias
encoder.encoders.11.conv_mod.pointwise_conv1.weight
encoder.encoders.11.conv_mod.pointwise_conv1.bias
encoder.encoders.11.conv_mod.depthwise_conv.weight
encoder.encoders.11.conv_mod.depthwise_conv.bias
encoder.encoders.11.conv_mod.norm.weight
encoder.encoders.11.conv_mod.norm.bias
encoder.encoders.11.conv_mod.norm.running_mean
encoder.encoders.11.conv_mod.norm.running_var
encoder.encoders.11.conv_mod.norm.num_batches_tracked
encoder.encoders.11.conv_mod.pointwise_conv2.weight
encoder.encoders.11.conv_mod.pointwise_conv2.bias
encoder.encoders.11.norm_feed_forward.weight
encoder.encoders.11.norm_feed_forward.bias
encoder.encoders.11.norm_self_att.weight
encoder.encoders.11.norm_self_att.bias
encoder.encoders.11.norm_macaron.weight
encoder.encoders.11.norm_macaron.bias
encoder.encoders.11.norm_conv.weight
encoder.encoders.11.norm_conv.bias
encoder.encoders.11.norm_final.weight
encoder.encoders.11.norm_final.bias
encoder.encoders.norm_weight
encoder.encoders.norm_bias
decoder.embed.weight
decoder.rnn.0.weight_ih_l0
decoder.rnn.0.weight_hh_l0
decoder.rnn.0.bias_ih_l0
decoder.rnn.0.bias_hh_l0
joint_network.lin_enc.weight
joint_network.lin_enc.bias
joint_network.lin_dec.weight
joint_network.lin_dec.bias
joint_network.lin_out.weight
joint_network.lin_out.bias
__________________________________________________
